NewKernel Log

INFO kmeans.KMeansHybridBSP: n: 10
INFO kmeans.KMeansHybridBSP: k: 3
INFO kmeans.KMeansHybridBSP: vectorDimension: 2
INFO kmeans.KMeansHybridBSP: maxIteration: 10

INFO bsp.BSPJobClient: The total number of supersteps: 7
DEBUG bsp.Counters: Adding SUPERSTEPS
INFO bsp.BSPJobClient: Counters: 8
INFO bsp.BSPJobClient:   org.apache.hama.bsp.JobInProgress$JobCounter
INFO bsp.BSPJobClient:     SUPERSTEPS=7
INFO bsp.BSPJobClient:     LAUNCHED_TASKS=1
INFO bsp.BSPJobClient:   org.apache.hama.bsp.BSPPeerImpl$PeerCounter
INFO bsp.BSPJobClient:     SUPERSTEP_SUM=7
INFO bsp.BSPJobClient:     TIME_IN_SYNC_MS=144
INFO bsp.BSPJobClient:     IO_BYTES_READ=170
INFO bsp.BSPJobClient:     TOTAL_MESSAGES_SENT=15
INFO bsp.BSPJobClient:     TASK_INPUT_RECORDS=10
INFO bsp.BSPJobClient:     TOTAL_MESSAGES_RECEIVED=15

  StatsRow:
    init time: 0
    serial time: 8
    exec time: 250
    deserial time: 1
    num blocks: 1
    num threads: 1
MatrixMultiplicationHybrid,GPUTime=275ms

Inputs
Key: [6.0, 2.0]: Value: (null)
Key: [6.0, 3.0]: Value: (null)
Key: [9.0, 7.0]: Value: (null)
Key: [9.0, 8.0]: Value: (null)
Key: [4.0, 0.0]: Value: (null)
Key: [9.0, 2.0]: Value: (null)
Key: [3.0, 3.0]: Value: (null)
Key: [8.0, 9.0]: Value: (null)
Key: [6.0, 0.0]: Value: (null)
Key: [1.0, 1.0]: Value: (null)
Count: 1

CentersIn
Key: [6.0, 2.0]: Value: (null)
Key: [6.0, 3.0]: Value: (null)
Key: [9.0, 7.0]: Value: (null)
Count: 3

CentersOut
Key: [6.777777777777778, 3.888888888888889]: Value: (null)
Key: [17.0, 17.0]: Value: (null)
Key: [17.0, 17.0]: Value: (null)
Count: 3

Output
Key: 0: Value: [6.0, 2.0]
Key: 0: Value: [6.0, 3.0]
Key: 0: Value: [9.0, 7.0]
Key: 0: Value: [9.0, 8.0]
Key: 0: Value: [4.0, 0.0]
Key: 0: Value: [9.0, 2.0]
Key: 0: Value: [3.0, 3.0]
Key: 0: Value: [8.0, 9.0]
Key: 0: Value: [6.0, 0.0]
Key: 0: Value: [1.0, 1.0]
Count: 10

Output
SharedMemorySize: 124 bytes
Start loop...
send message: '0:4:26.000000, 5.000000'
send message: '1:1:9.000000, 6.000000'
send message: '2:2:26.000000, 24.000000'
got message: '0:4:26.000000, 5.000000'
got message: '1:1:9.000000, 6.000000'
got message: '2:2:26.000000, 24.000000'
calculateError: 1.250000e+00
calculateError: 6.000000e+00
calculateError: 9.000000e+00
m_converged: 3

Start loop...
send message: '0:6:35.000000, 11.000000'
send message: '1:2:26.000000, 24.000000'
got message: '0:6:35.000000, 11.000000'
got message: '1:2:26.000000, 24.000000'
calculateError +=  |6.500000e+00 - 5.833333e+00|  |1.250000e+00 - 1.833333e+00|
calculateError: 1.250000e+00
i: 0
Update m_centers: 5.833333e+00 1.833333e+00  
calculateError +=  |9.000000e+00 - 1.300000e+01|  |6.000000e+00 - 1.200000e+01|
calculateError: 1.000000e+01
i: 1
Update m_centers: 1.300000e+01 1.200000e+01  
m_converged: 2

Start loop...
send message: '0:7:44.000000, 18.000000'
send message: '1:1:17.000000, 17.000000'
got message: '0:7:44.000000, 18.000000'
got message: '1:1:17.000000, 17.000000'
calculateError +=  |5.833333e+00 - 6.285714e+00|  |1.833333e+00 - 2.571429e+00| 
calculateError: 1.190476e+00
i: 0
Update m_centers: 6.285714e+00 2.571429e+00  
calculateError +=  |1.300000e+01 - 1.700000e+01|  |1.200000e+01 - 1.700000e+01|
calculateError: 9.000000e+00
i: 1
Update m_centers: 1.700000e+01 1.700000e+01 
m_converged: 2

Start loop...
estimatedDistance: 6.388766e-01
estimatedDistance: 1.860108e+01
estimatedDistance: 1.220656e+01
lowestDistantCenter: 0
estimatedDistance: 5.150788e-01
estimatedDistance: 1.780449e+01
estimatedDistance: 1.140175e+01
lowestDistantCenter: 0
estimatedDistance: 5.194188e+00
estimatedDistance: 1.280625e+01
estimatedDistance: 6.403124e+00
lowestDistantCenter: 0
estimatedDistance: 6.069327e+00
estimatedDistance: 1.204159e+01
estimatedDistance: 5.656854e+00
lowestDistantCenter: 2
estimatedDistance: 3.440456e+00
estimatedDistance: 2.140093e+01
estimatedDistance: 1.500000e+01
lowestDistantCenter: 0
estimatedDistance: 2.773784e+00
estimatedDistance: 1.700000e+01
estimatedDistance: 1.077033e+01
lowestDistantCenter: 0
estimatedDistance: 3.313547e+00
estimatedDistance: 1.979899e+01
estimatedDistance: 1.345362e+01
lowestDistantCenter: 0
estimatedDistance: 6.653218e+00
estimatedDistance: 1.204159e+01
estimatedDistance: 5.830952e+00
lowestDistantCenter: 2
estimatedDistance: 2.587253e+00
estimatedDistance: 2.024846e+01
estimatedDistance: 1.389244e+01
lowestDistantCenter: 0
estimatedDistance: 5.514360e+00
estimatedDistance: 2.262742e+01
estimatedDistance: 1.627882e+01
lowestDistantCenter: 0
send message: '0:7:44.000000, 18.000000'
send message: '2:1:17.000000, 17.000000'
got message: '0:7:44.000000, 18.000000'
got message: '2:1:17.000000, 17.000000'
calculateError +=  |6.285714e+00 - 6.285714e+00|  |2.571429e+00 - 2.571429e+00| 
calculateError: 0.000000e+00
i: 0
calculateError +=  |1.300000e+01 - 1.700000e+01|  |1.200000e+01 - 1.700000e+01| 
calculateError: 9.000000e+00
i: 2
Update m_centers: 1.700000e+01 1.700000e+01  
m_converged: 1

Start loop...
send message: '0:9:61.000000, 35.000000'
got message: '0:9:61.000000, 35.000000'
calculateError +=  |6.285714e+00 - 6.777778e+00|  |2.571429e+00 - 3.888889e+00| 
calculateError: 1.809524e+00
i: 0
Update m_centers: 6.777778e+00 3.888889e+00
m_converged: 1

Start loop...
send message: '0:9:61.000000, 35.000000'
got message: '0:9:61.000000, 35.000000'
calculateError +=  |6.777778e+00 - 6.777778e+00|  |3.888889e+00 - 3.888889e+00| 
calculateError: 0.000000e+00
i: 0
gpu_Thread 0 GOT LOCK lock_thread_id: 0
m_converged: 0

Finished! Writing the assignments...
Done.
runBlocks - stopMonitoring...
HostMonitor.stopMonitoring...
HostMonitor.stopMonitoring stopped! done: true
runBlocks - stopMonitoring finished!
