OldKernel Log

INFO kmeans.KMeansHybridBSP: n: 10
INFO kmeans.KMeansHybridBSP: k: 3
INFO kmeans.KMeansHybridBSP: vectorDimension: 2
INFO kmeans.KMeansHybridBSP: maxIteration: 10

INFO bsp.BSPJobClient: The total number of supersteps: 6
DEBUG bsp.Counters: Adding SUPERSTEPS
INFO bsp.BSPJobClient: Counters: 8
INFO bsp.BSPJobClient:   org.apache.hama.bsp.JobInProgress$JobCounter
INFO bsp.BSPJobClient:     SUPERSTEPS=6
INFO bsp.BSPJobClient:     LAUNCHED_TASKS=1
INFO bsp.BSPJobClient:   org.apache.hama.bsp.BSPPeerImpl$PeerCounter
INFO bsp.BSPJobClient:     SUPERSTEP_SUM=6
INFO bsp.BSPJobClient:     TIME_IN_SYNC_MS=120
INFO bsp.BSPJobClient:     IO_BYTES_READ=170
INFO bsp.BSPJobClient:     TOTAL_MESSAGES_SENT=11
INFO bsp.BSPJobClient:     TASK_INPUT_RECORDS=10
INFO bsp.BSPJobClient:     TOTAL_MESSAGES_RECEIVED=11

  StatsRow:
    init time: 0
    serial time: 9
    exec time: 226
    deserial time: 2
    num blocks: 1
    num threads: 1
MatrixMultiplicationHybrid,GPUTime=250ms

Inputs
Key: [6.0, 2.0]: Value: (null)
Key: [6.0, 3.0]: Value: (null)
Key: [9.0, 7.0]: Value: (null)
Key: [9.0, 8.0]: Value: (null)
Key: [4.0, 0.0]: Value: (null)
Key: [9.0, 2.0]: Value: (null)
Key: [3.0, 3.0]: Value: (null)
Key: [8.0, 9.0]: Value: (null)
Key: [6.0, 0.0]: Value: (null)
Key: [1.0, 1.0]: Value: (null)
Count: 1

Centers
Key: [6.0, 2.0]: Value: (null)
Key: [6.0, 3.0]: Value: (null)
Key: [9.0, 7.0]: Value: (null)
Count: 3

Output
send message: '0:4:26.000000, 5.000000'
send message: '1:1:9.000000, 6.000000'
send message: '2:2:26.000000, 24.000000'
got message: '0:4:26.000000, 5.000000'
got message: '1:1:9.000000, 6.000000'
got message: '2:2:26.000000, 24.000000'
calculateError: 1.250000e+00
calculateError: 6.000000e+00
calculateError: 9.000000e+00
m_converged: 3

send message: '0:6:35.000000, 11.000000'
send message: '1:2:26.000000, 24.000000'
got message: '0:6:35.000000, 11.000000'
got message: '1:2:26.000000, 24.000000'
calculateError: 1.250000e+00
calculateError: 1.000000e+01
m_converged: 2

send message: '0:7:44.000000, 18.000000'
send message: '1:1:17.000000, 17.000000'
got message: '0:7:44.000000, 18.000000'
got message: '1:1:17.000000, 17.000000'
calculateError: 1.190476e+00
calculateError: 9.000000e+00
m_converged: 2

send message: '0:7:44.000000, 18.000000'
send message: '2:1:17.000000, 17.000000'
got message: '0:7:44.000000, 18.000000'
got message: '2:1:17.000000, 17.000000'
calculateError: 0.000000e+00
calculateError: 9.000000e+00
m_converged: 1

send message: '0:9:61.000000, 35.000000'
got message: '0:9:61.000000, 35.000000'
calculateError: 1.809524e+00
m_converged: 1

send message: '0:9:61.000000, 35.000000'
got message: '0:9:61.000000, 35.000000'
calculateError: 0.000000e+00
m_converged: 0

Finished! Writing the assignments...
Done.
runBlocks - stopMonitoring...
HostMonitor.stopMonitoring...
HostMonitor.stopMonitoring stopped! done: true
runBlocks - stopMonitoring finished!
